{"C:\\Users\\andreas\\code\\inittracker\\src\\component\\display\\Actor\\index.tsx": {"path":"C:\\Users\\andreas\\code\\inittracker\\src\\component\\display\\Actor\\index.tsx","statementMap":{"0":{"start":{"line":1,"column":0},"end":{"line":1,"column":25}},"1":{"start":{"line":2,"column":0},"end":{"line":2,"column":41}},"2":{"start":{"line":6,"column":0},"end":{"line":6,"column":29}},"3":{"start":{"line":8,"column":0},"end":{"line":15,"column":2}},"4":{"start":{"line":8,"column":17},"end":{"line":8,"column":22}},"5":{"start":{"line":8,"column":45},"end":{"line":15,"column":1}}},"fnMap":{"0":{"name":"(anonymous_1)","decl":{"start":{"line":8,"column":15},"end":{"line":8,"column":15}},"loc":{"start":{"line":8,"column":40},"end":{"line":15,"column":1}}}},"branchMap":{"0":{"loc":{"start":{"line":12,"column":33},"end":{"line":12,"column":93}},"type":"cond-expr","locations":[{"start":{"line":12,"column":33},"end":{"line":12,"column":93}},{"start":{"line":12,"column":97},"end":{"line":12,"column":101}}]},"1":{"loc":{"start":{"line":13,"column":34},"end":{"line":13,"column":95}},"type":"cond-expr","locations":[{"start":{"line":13,"column":34},"end":{"line":13,"column":95}},{"start":{"line":13,"column":99},"end":{"line":13,"column":103}}]}},"s":{"0":2,"1":2,"2":2,"3":2,"4":1,"5":1},"f":{"0":1},"b":{"0":[0,1],"1":[0,1]}}
,"C:\\Users\\andreas\\code\\inittracker\\src\\component\\display\\Actor\\styles.ts": {"path":"C:\\Users\\andreas\\code\\inittracker\\src\\component\\display\\Actor\\styles.ts","statementMap":{"0":{"start":{"line":1,"column":0},"end":{"line":1,"column":39}},"1":{"start":{"line":3,"column":0},"end":{"line":3,"column":41}},"2":{"start":{"line":5,"column":0},"end":{"line":26,"column":3}}},"fnMap":{},"branchMap":{},"s":{"0":2,"1":2,"2":2},"f":{},"b":{}}
,"C:\\Users\\andreas\\code\\inittracker\\src\\component\\display\\ActorList\\index.tsx": {"path":"C:\\Users\\andreas\\code\\inittracker\\src\\component\\display\\ActorList\\index.tsx","statementMap":{"0":{"start":{"line":1,"column":0},"end":{"line":1,"column":25}},"1":{"start":{"line":2,"column":0},"end":{"line":2,"column":51}},"2":{"start":{"line":6,"column":0},"end":{"line":6,"column":43}},"3":{"start":{"line":8,"column":0},"end":{"line":8,"column":29}},"4":{"start":{"line":10,"column":0},"end":{"line":20,"column":2}},"5":{"start":{"line":10,"column":17},"end":{"line":10,"column":22}},"6":{"start":{"line":10,"column":47},"end":{"line":20,"column":1}},"7":{"start":{"line":17,"column":40},"end":{"line":17,"column":73}}},"fnMap":{"0":{"name":"(anonymous_1)","decl":{"start":{"line":10,"column":15},"end":{"line":10,"column":15}},"loc":{"start":{"line":10,"column":42},"end":{"line":20,"column":1}}},"1":{"name":"(anonymous_2)","decl":{"start":{"line":17,"column":23},"end":{"line":17,"column":23}},"loc":{"start":{"line":17,"column":35},"end":{"line":17,"column":73}}}},"branchMap":{},"s":{"0":1,"1":1,"2":1,"3":1,"4":1,"5":1,"6":1,"7":1},"f":{"0":1,"1":1},"b":{}}
,"C:\\Users\\andreas\\code\\inittracker\\src\\component\\display\\ActorList\\styles.ts": {"path":"C:\\Users\\andreas\\code\\inittracker\\src\\component\\display\\ActorList\\styles.ts","statementMap":{"0":{"start":{"line":1,"column":0},"end":{"line":1,"column":39}},"1":{"start":{"line":3,"column":0},"end":{"line":16,"column":3}}},"fnMap":{},"branchMap":{},"s":{"0":1,"1":1},"f":{},"b":{}}
,"C:\\Users\\andreas\\code\\inittracker\\src\\styles\\fonts.ts": {"path":"C:\\Users\\andreas\\code\\inittracker\\src\\styles\\fonts.ts","statementMap":{"0":{"start":{"line":1,"column":0},"end":{"line":5,"column":2}}},"fnMap":{},"branchMap":{},"s":{"0":2},"f":{},"b":{}}
}
