{"C:\\Users\\andreas\\code\\inittracker\\src\\App.tsx": {"path":"C:\\Users\\andreas\\code\\inittracker\\src\\App.tsx","statementMap":{"0":{"start":{"line":1,"column":0},"end":{"line":1,"column":25}},"1":{"start":{"line":2,"column":0},"end":{"line":2,"column":38}},"2":{"start":{"line":4,"column":0},"end":{"line":4,"column":35}},"3":{"start":{"line":6,"column":0},"end":{"line":6,"column":40}},"4":{"start":{"line":8,"column":14},"end":{"line":8,"column":30}},"5":{"start":{"line":10,"column":0},"end":{"line":14,"column":2}},"6":{"start":{"line":10,"column":21},"end":{"line":14,"column":1}}},"fnMap":{"0":{"name":"(anonymous_1)","decl":{"start":{"line":10,"column":15},"end":{"line":10,"column":20}},"loc":{"start":{"line":10,"column":15},"end":{"line":14,"column":1}}}},"branchMap":{},"s":{"0":1,"1":1,"2":1,"3":1,"4":1,"5":1,"6":1},"f":{"0":1},"b":{}}
,"C:\\Users\\andreas\\code\\inittracker\\src\\components\\display\\actor\\index.tsx": {"path":"C:\\Users\\andreas\\code\\inittracker\\src\\components\\display\\actor\\index.tsx","statementMap":{"0":{"start":{"line":1,"column":0},"end":{"line":1,"column":25}},"1":{"start":{"line":2,"column":0},"end":{"line":2,"column":41}},"2":{"start":{"line":6,"column":0},"end":{"line":6,"column":29}},"3":{"start":{"line":8,"column":17},"end":{"line":10,"column":27}},"4":{"start":{"line":8,"column":36},"end":{"line":10,"column":27}},"5":{"start":{"line":12,"column":0},"end":{"line":26,"column":2}},"6":{"start":{"line":12,"column":18},"end":{"line":12,"column":23}},"7":{"start":{"line":12,"column":47},"end":{"line":26,"column":1}}},"fnMap":{"0":{"name":"(anonymous_3)","decl":{"start":{"line":8,"column":17},"end":{"line":8,"column":17}},"loc":{"start":{"line":8,"column":31},"end":{"line":10,"column":27}}},"1":{"name":"(anonymous_4)","decl":{"start":{"line":12,"column":15},"end":{"line":12,"column":15}},"loc":{"start":{"line":12,"column":42},"end":{"line":26,"column":1}}}},"branchMap":{"0":{"loc":{"start":{"line":9,"column":5},"end":{"line":9,"column":79}},"type":"cond-expr","locations":[{"start":{"line":9,"column":5},"end":{"line":9,"column":79}},{"start":{"line":10,"column":6},"end":{"line":10,"column":27}}]},"1":{"loc":{"start":{"line":19,"column":15},"end":{"line":19,"column":75}},"type":"cond-expr","locations":[{"start":{"line":19,"column":15},"end":{"line":19,"column":75}},{"start":{"line":20,"column":14},"end":{"line":20,"column":53}}]},"2":{"loc":{"start":{"line":23,"column":15},"end":{"line":23,"column":76}},"type":"cond-expr","locations":[{"start":{"line":23,"column":15},"end":{"line":23,"column":76}},{"start":{"line":24,"column":14},"end":{"line":24,"column":53}}]}},"s":{"0":3,"1":3,"2":3,"3":3,"4":1,"5":3,"6":1,"7":1},"f":{"0":1,"1":1},"b":{"0":[0,1],"1":[0,1],"2":[0,1]}}
,"C:\\Users\\andreas\\code\\inittracker\\src\\components\\display\\actor\\styles.ts": {"path":"C:\\Users\\andreas\\code\\inittracker\\src\\components\\display\\actor\\styles.ts","statementMap":{"0":{"start":{"line":1,"column":0},"end":{"line":1,"column":41}},"1":{"start":{"line":3,"column":0},"end":{"line":3,"column":41}},"2":{"start":{"line":5,"column":0},"end":{"line":40,"column":3}}},"fnMap":{},"branchMap":{},"s":{"0":3,"1":3,"2":3},"f":{},"b":{}}
,"C:\\Users\\andreas\\code\\inittracker\\src\\components\\display\\actorList\\index.tsx": {"path":"C:\\Users\\andreas\\code\\inittracker\\src\\components\\display\\actorList\\index.tsx","statementMap":{"0":{"start":{"line":1,"column":0},"end":{"line":1,"column":25}},"1":{"start":{"line":2,"column":0},"end":{"line":2,"column":67}},"2":{"start":{"line":6,"column":0},"end":{"line":6,"column":53}},"3":{"start":{"line":8,"column":0},"end":{"line":8,"column":29}},"4":{"start":{"line":10,"column":0},"end":{"line":16,"column":2}},"5":{"start":{"line":10,"column":18},"end":{"line":10,"column":23}},"6":{"start":{"line":10,"column":25},"end":{"line":10,"column":36}},"7":{"start":{"line":10,"column":96},"end":{"line":16,"column":1}},"8":{"start":{"line":18,"column":28},"end":{"line":27,"column":1}},"9":{"start":{"line":19,"column":18},"end":{"line":19,"column":26}},"10":{"start":{"line":20,"column":4},"end":{"line":22,"column":5}},"11":{"start":{"line":21,"column":8},"end":{"line":21,"column":18}},"12":{"start":{"line":24,"column":24},"end":{"line":24,"column":69}},"13":{"start":{"line":24,"column":47},"end":{"line":24,"column":51}},"14":{"start":{"line":26,"column":4},"end":{"line":26,"column":87}},"15":{"start":{"line":26,"column":44},"end":{"line":26,"column":85}},"16":{"start":{"line":29,"column":24},"end":{"line":33,"column":1}},"17":{"start":{"line":29,"column":95},"end":{"line":33,"column":1}},"18":{"start":{"line":30,"column":52},"end":{"line":30,"column":70}}},"fnMap":{"0":{"name":"(anonymous_1)","decl":{"start":{"line":10,"column":15},"end":{"line":10,"column":15}},"loc":{"start":{"line":10,"column":91},"end":{"line":16,"column":1}}},"1":{"name":"(anonymous_2)","decl":{"start":{"line":18,"column":28},"end":{"line":18,"column":28}},"loc":{"start":{"line":18,"column":82},"end":{"line":27,"column":1}}},"2":{"name":"(anonymous_3)","decl":{"start":{"line":24,"column":37},"end":{"line":24,"column":37}},"loc":{"start":{"line":24,"column":42},"end":{"line":24,"column":51}}},"3":{"name":"(anonymous_4)","decl":{"start":{"line":26,"column":27},"end":{"line":26,"column":27}},"loc":{"start":{"line":26,"column":39},"end":{"line":26,"column":85}}},"4":{"name":"(anonymous_5)","decl":{"start":{"line":29,"column":24},"end":{"line":29,"column":24}},"loc":{"start":{"line":29,"column":90},"end":{"line":33,"column":1}}},"5":{"name":"(anonymous_6)","decl":{"start":{"line":30,"column":45},"end":{"line":30,"column":51}},"loc":{"start":{"line":30,"column":45},"end":{"line":30,"column":72}}}},"branchMap":{"0":{"loc":{"start":{"line":13,"column":21},"end":{"line":13,"column":60}},"type":"cond-expr","locations":[{"start":{"line":13,"column":21},"end":{"line":13,"column":60}},{"start":{"line":13,"column":63},"end":{"line":13,"column":67}}]},"1":{"loc":{"start":{"line":20,"column":4},"end":{"line":22,"column":5}},"type":"if","locations":[{"start":{"line":20,"column":4},"end":{"line":22,"column":5}},{"start":{"line":20,"column":4},"end":{"line":22,"column":5}}]}},"s":{"0":2,"1":2,"2":2,"3":2,"4":2,"5":1,"6":1,"7":1,"8":2,"9":1,"10":1,"11":0,"12":1,"13":1,"14":1,"15":1,"16":2,"17":1,"18":0},"f":{"0":1,"1":1,"2":1,"3":1,"4":1,"5":0},"b":{"0":[1,0],"1":[0,1]}}
,"C:\\Users\\andreas\\code\\inittracker\\src\\components\\display\\actorList\\styles.ts": {"path":"C:\\Users\\andreas\\code\\inittracker\\src\\components\\display\\actorList\\styles.ts","statementMap":{"0":{"start":{"line":1,"column":0},"end":{"line":1,"column":41}},"1":{"start":{"line":3,"column":0},"end":{"line":17,"column":3}}},"fnMap":{},"branchMap":{},"s":{"0":2,"1":2},"f":{},"b":{}}
,"C:\\Users\\andreas\\code\\inittracker\\src\\components\\display\\footer\\index.tsx": {"path":"C:\\Users\\andreas\\code\\inittracker\\src\\components\\display\\footer\\index.tsx","statementMap":{"0":{"start":{"line":1,"column":0},"end":{"line":1,"column":25}},"1":{"start":{"line":2,"column":0},"end":{"line":2,"column":61}},"2":{"start":{"line":4,"column":0},"end":{"line":4,"column":29}},"3":{"start":{"line":6,"column":0},"end":{"line":24,"column":2}},"4":{"start":{"line":6,"column":18},"end":{"line":6,"column":26}},"5":{"start":{"line":6,"column":28},"end":{"line":6,"column":45}},"6":{"start":{"line":6,"column":47},"end":{"line":6,"column":65}},"7":{"start":{"line":7,"column":78},"end":{"line":24,"column":1}},"8":{"start":{"line":10,"column":28},"end":{"line":10,"column":48}},"9":{"start":{"line":15,"column":28},"end":{"line":15,"column":39}},"10":{"start":{"line":20,"column":28},"end":{"line":20,"column":49}}},"fnMap":{"0":{"name":"(anonymous_1)","decl":{"start":{"line":6,"column":15},"end":{"line":6,"column":15}},"loc":{"start":{"line":7,"column":73},"end":{"line":24,"column":1}}},"1":{"name":"(anonymous_2)","decl":{"start":{"line":10,"column":21},"end":{"line":10,"column":27}},"loc":{"start":{"line":10,"column":21},"end":{"line":10,"column":50}}},"2":{"name":"(anonymous_3)","decl":{"start":{"line":15,"column":21},"end":{"line":15,"column":27}},"loc":{"start":{"line":15,"column":21},"end":{"line":15,"column":41}}},"3":{"name":"(anonymous_4)","decl":{"start":{"line":20,"column":21},"end":{"line":20,"column":27}},"loc":{"start":{"line":20,"column":21},"end":{"line":20,"column":51}}}},"branchMap":{},"s":{"0":1,"1":1,"2":1,"3":1,"4":0,"5":0,"6":0,"7":0,"8":0,"9":0,"10":0},"f":{"0":0,"1":0,"2":0,"3":0},"b":{}}
,"C:\\Users\\andreas\\code\\inittracker\\src\\components\\display\\footer\\styles.ts": {"path":"C:\\Users\\andreas\\code\\inittracker\\src\\components\\display\\footer\\styles.ts","statementMap":{"0":{"start":{"line":1,"column":0},"end":{"line":1,"column":41}},"1":{"start":{"line":3,"column":0},"end":{"line":3,"column":51}},"2":{"start":{"line":5,"column":0},"end":{"line":21,"column":3}}},"fnMap":{},"branchMap":{},"s":{"0":1,"1":1,"2":1},"f":{},"b":{}}
,"C:\\Users\\andreas\\code\\inittracker\\src\\components\\display\\header\\index.tsx": {"path":"C:\\Users\\andreas\\code\\inittracker\\src\\components\\display\\header\\index.tsx","statementMap":{"0":{"start":{"line":1,"column":0},"end":{"line":1,"column":25}},"1":{"start":{"line":2,"column":0},"end":{"line":2,"column":41}},"2":{"start":{"line":4,"column":0},"end":{"line":4,"column":29}},"3":{"start":{"line":6,"column":0},"end":{"line":10,"column":2}},"4":{"start":{"line":6,"column":21},"end":{"line":10,"column":1}}},"fnMap":{"0":{"name":"(anonymous_1)","decl":{"start":{"line":6,"column":15},"end":{"line":6,"column":20}},"loc":{"start":{"line":6,"column":15},"end":{"line":10,"column":1}}}},"branchMap":{},"s":{"0":1,"1":1,"2":1,"3":1,"4":0},"f":{"0":0},"b":{}}
,"C:\\Users\\andreas\\code\\inittracker\\src\\components\\display\\header\\styles.ts": {"path":"C:\\Users\\andreas\\code\\inittracker\\src\\components\\display\\header\\styles.ts","statementMap":{"0":{"start":{"line":1,"column":0},"end":{"line":1,"column":41}},"1":{"start":{"line":3,"column":0},"end":{"line":3,"column":63}},"2":{"start":{"line":5,"column":0},"end":{"line":16,"column":3}}},"fnMap":{},"branchMap":{},"s":{"0":1,"1":1,"2":1},"f":{},"b":{}}
,"C:\\Users\\andreas\\code\\inittracker\\src\\entities\\IActor.ts": {"path":"C:\\Users\\andreas\\code\\inittracker\\src\\entities\\IActor.ts","statementMap":{"0":{"start":{"line":15,"column":0},"end":{"line":53,"column":0}},"1":{"start":{"line":26,"column":8},"end":{"line":26,"column":21}},"2":{"start":{"line":27,"column":8},"end":{"line":27,"column":25}},"3":{"start":{"line":28,"column":8},"end":{"line":28,"column":47}},"4":{"start":{"line":30,"column":8},"end":{"line":30,"column":35}},"5":{"start":{"line":33,"column":4},"end":{"line":35,"column":5}},"6":{"start":{"line":34,"column":8},"end":{"line":34,"column":42}},"7":{"start":{"line":38,"column":8},"end":{"line":38,"column":42}},"8":{"start":{"line":39,"column":8},"end":{"line":39,"column":73}},"9":{"start":{"line":42,"column":4},"end":{"line":44,"column":5}},"10":{"start":{"line":43,"column":8},"end":{"line":43,"column":43}},"11":{"start":{"line":46,"column":11},"end":{"line":48,"column":5}},"12":{"start":{"line":47,"column":8},"end":{"line":47,"column":73}},"13":{"start":{"line":50,"column":11},"end":{"line":52,"column":5}},"14":{"start":{"line":51,"column":8},"end":{"line":51,"column":67}},"15":{"start":{"line":53,"column":0},"end":{"line":53,"column":1}},"16":{"start":{"line":15,"column":13},"end":{"line":15,"column":18}}},"fnMap":{"0":{"name":"(anonymous_0)","decl":{"start":{"line":15,"column":0},"end":{"line":null,"column":-1}},"loc":{"start":{"line":15,"column":0},"end":{"line":15,"column":-1}}},"1":{"name":"Actor","decl":{"start":{"line":25,"column":4},"end":{"line":25,"column":15}},"loc":{"start":{"line":25,"column":65},"end":{"line":31,"column":5}}},"2":{"name":"(anonymous_2)","decl":{"start":{"line":33,"column":4},"end":{"line":null,"column":-1}},"loc":{"start":{"line":33,"column":4},"end":{"line":35,"column":5}}},"3":{"name":"(anonymous_3)","decl":{"start":{"line":37,"column":4},"end":{"line":37,"column":22}},"loc":{"start":{"line":37,"column":27},"end":{"line":40,"column":5}}},"4":{"name":"(anonymous_4)","decl":{"start":{"line":42,"column":4},"end":{"line":null,"column":-1}},"loc":{"start":{"line":42,"column":4},"end":{"line":44,"column":5}}},"5":{"name":"(anonymous_5)","decl":{"start":{"line":46,"column":4},"end":{"line":46,"column":16}},"loc":{"start":{"line":46,"column":39},"end":{"line":48,"column":5}}},"6":{"name":"(anonymous_6)","decl":{"start":{"line":50,"column":4},"end":{"line":50,"column":15}},"loc":{"start":{"line":50,"column":34},"end":{"line":52,"column":5}}}},"branchMap":{"0":{"loc":{"start":{"line":39,"column":62},"end":{"line":39,"column":66}},"type":"binary-expr","locations":[{"start":{"line":39,"column":62},"end":{"line":39,"column":66}},{"start":{"line":39,"column":70},"end":{"line":39,"column":71}}]},"1":{"loc":{"start":{"line":47,"column":25},"end":{"line":47,"column":27}},"type":"binary-expr","locations":[{"start":{"line":47,"column":25},"end":{"line":47,"column":27}},{"start":{"line":47,"column":31},"end":{"line":47,"column":38}}]},"2":{"loc":{"start":{"line":51,"column":16},"end":{"line":51,"column":33}},"type":"binary-expr","locations":[{"start":{"line":51,"column":16},"end":{"line":51,"column":33}},{"start":{"line":51,"column":37},"end":{"line":51,"column":38}}]},"3":{"loc":{"start":{"line":51,"column":43},"end":{"line":51,"column":60}},"type":"binary-expr","locations":[{"start":{"line":51,"column":43},"end":{"line":51,"column":60}},{"start":{"line":51,"column":64},"end":{"line":51,"column":65}}]}},"s":{"0":1,"1":0,"2":0,"3":0,"4":0,"5":1,"6":0,"7":0,"8":0,"9":1,"10":0,"11":1,"12":0,"13":1,"14":0,"15":1,"16":1},"f":{"0":1,"1":0,"2":0,"3":0,"4":0,"5":0,"6":0},"b":{"0":[0,0],"1":[0,0],"2":[0,0],"3":[0,0]}}
,"C:\\Users\\andreas\\code\\inittracker\\src\\layouts\\styles.ts": {"path":"C:\\Users\\andreas\\code\\inittracker\\src\\layouts\\styles.ts","statementMap":{"0":{"start":{"line":1,"column":0},"end":{"line":5,"column":2}}},"fnMap":{},"branchMap":{},"s":{"0":1},"f":{},"b":{}}
,"C:\\Users\\andreas\\code\\inittracker\\src\\layouts\\addActor\\connect.ts": {"path":"C:\\Users\\andreas\\code\\inittracker\\src\\layouts\\addActor\\connect.ts","statementMap":{"0":{"start":{"line":1,"column":0},"end":{"line":1,"column":37}},"1":{"start":{"line":5,"column":0},"end":{"line":5,"column":50}},"2":{"start":{"line":13,"column":13},"end":{"line":17,"column":3}},"3":{"start":{"line":13,"column":82},"end":{"line":17,"column":2}},"4":{"start":{"line":15,"column":8},"end":{"line":15,"column":48}},"5":{"start":{"line":19,"column":0},"end":{"line":19,"column":105}},"6":{"start":{"line":19,"column":67},"end":{"line":19,"column":104}}},"fnMap":{"0":{"name":"(anonymous_1)","decl":{"start":{"line":13,"column":27},"end":{"line":13,"column":27}},"loc":{"start":{"line":13,"column":61},"end":{"line":17,"column":2}}},"1":{"name":"(anonymous_2)","decl":{"start":{"line":14,"column":20},"end":{"line":14,"column":20}},"loc":{"start":{"line":14,"column":26},"end":{"line":16,"column":5}}},"2":{"name":"(anonymous_3)","decl":{"start":{"line":19,"column":15},"end":{"line":19,"column":15}},"loc":{"start":{"line":19,"column":62},"end":{"line":19,"column":104}}}},"branchMap":{},"s":{"0":1,"1":1,"2":1,"3":0,"4":0,"5":1,"6":1},"f":{"0":0,"1":0,"2":1},"b":{}}
,"C:\\Users\\andreas\\code\\inittracker\\src\\layouts\\addActor\\index.tsx": {"path":"C:\\Users\\andreas\\code\\inittracker\\src\\layouts\\addActor\\index.tsx","statementMap":{"0":{"start":{"line":1,"column":0},"end":{"line":1,"column":25}},"1":{"start":{"line":2,"column":0},"end":{"line":2,"column":73}},"2":{"start":{"line":4,"column":0},"end":{"line":4,"column":45}},"3":{"start":{"line":6,"column":0},"end":{"line":6,"column":50}},"4":{"start":{"line":7,"column":0},"end":{"line":7,"column":29}},"5":{"start":{"line":14,"column":0},"end":{"line":14,"column":53}},"6":{"start":{"line":14,"column":34},"end":{"line":14,"column":88}},"7":{"start":{"line":16,"column":8},"end":{"line":16,"column":20}},"8":{"start":{"line":18,"column":8},"end":{"line":21,"column":10}},"9":{"start":{"line":24,"column":11},"end":{"line":56,"column":5}},"10":{"start":{"line":24,"column":4},"end":{"line":56,"column":4}},"11":{"start":{"line":25,"column":8},"end":{"line":55,"column":10}},"12":{"start":{"line":33,"column":48},"end":{"line":33,"column":71}},"13":{"start":{"line":44,"column":28},"end":{"line":44,"column":77}},"14":{"start":{"line":51,"column":35},"end":{"line":51,"column":88}},"15":{"start":{"line":57,"column":0},"end":{"line":57,"column":1}},"16":{"start":{"line":14,"column":13},"end":{"line":14,"column":25}},"17":{"start":{"line":59,"column":0},"end":{"line":59,"column":37}},"18":{"start":{"line":61,"column":23},"end":{"line":62,"column":72}},"19":{"start":{"line":62,"column":4},"end":{"line":62,"column":72}}},"fnMap":{"0":{"name":"(anonymous_9)","decl":{"start":{"line":14,"column":0},"end":{"line":null,"column":-1}},"loc":{"start":{"line":14,"column":0},"end":{"line":14,"column":-1}}},"1":{"name":"AddActorPage","decl":{"start":{"line":15,"column":4},"end":{"line":15,"column":15}},"loc":{"start":{"line":15,"column":36},"end":{"line":22,"column":5}}},"2":{"name":"(anonymous_11)","decl":{"start":{"line":24,"column":4},"end":{"line":null,"column":-1}},"loc":{"start":{"line":24,"column":4},"end":{"line":56,"column":5}}},"3":{"name":"(anonymous_12)","decl":{"start":{"line":33,"column":38},"end":{"line":33,"column":38}},"loc":{"start":{"line":33,"column":43},"end":{"line":33,"column":71}}},"4":{"name":"(anonymous_13)","decl":{"start":{"line":43,"column":38},"end":{"line":43,"column":38}},"loc":{"start":{"line":43,"column":54},"end":{"line":44,"column":77}}},"5":{"name":"(anonymous_14)","decl":{"start":{"line":51,"column":29},"end":{"line":51,"column":34}},"loc":{"start":{"line":51,"column":29},"end":{"line":51,"column":88}}},"6":{"name":"(anonymous_15)","decl":{"start":{"line":61,"column":23},"end":{"line":61,"column":23}},"loc":{"start":{"line":61,"column":49},"end":{"line":62,"column":72}}}},"branchMap":{"0":{"loc":{"start":{"line":16,"column":8},"end":{"line":16,"column":20}},"type":"binary-expr","locations":[{"start":{"line":16,"column":8},"end":{"line":16,"column":20}},{"start":{"line":16,"column":20},"end":{"line":22,"column":4}}]},"1":{"loc":{"start":{"line":62,"column":38},"end":{"line":62,"column":59}},"type":"binary-expr","locations":[{"start":{"line":62,"column":38},"end":{"line":62,"column":59}},{"start":{"line":62,"column":63},"end":{"line":62,"column":66}}]}},"s":{"0":1,"1":1,"2":1,"3":1,"4":1,"5":1,"6":1,"7":0,"8":0,"9":1,"10":0,"11":0,"12":0,"13":0,"14":0,"15":1,"16":1,"17":1,"18":1,"19":0},"f":{"0":1,"1":0,"2":0,"3":0,"4":0,"5":0,"6":0},"b":{"0":[0,0],"1":[0,0]}}
,"C:\\Users\\andreas\\code\\inittracker\\src\\layouts\\addActor\\styles.ts": {"path":"C:\\Users\\andreas\\code\\inittracker\\src\\layouts\\addActor\\styles.ts","statementMap":{"0":{"start":{"line":1,"column":0},"end":{"line":1,"column":41}},"1":{"start":{"line":3,"column":0},"end":{"line":3,"column":48}},"2":{"start":{"line":5,"column":0},"end":{"line":39,"column":3}}},"fnMap":{},"branchMap":{},"s":{"0":1,"1":1,"2":1},"f":{},"b":{}}
,"C:\\Users\\andreas\\code\\inittracker\\src\\layouts\\encounter\\connect.ts": {"path":"C:\\Users\\andreas\\code\\inittracker\\src\\layouts\\encounter\\connect.ts","statementMap":{"0":{"start":{"line":1,"column":0},"end":{"line":1,"column":37}},"1":{"start":{"line":5,"column":0},"end":{"line":5,"column":57}},"2":{"start":{"line":21,"column":13},"end":{"line":23,"column":3}},"3":{"start":{"line":21,"column":68},"end":{"line":23,"column":2}},"4":{"start":{"line":25,"column":13},"end":{"line":38,"column":3}},"5":{"start":{"line":25,"column":78},"end":{"line":38,"column":2}},"6":{"start":{"line":27,"column":8},"end":{"line":27,"column":46}},"7":{"start":{"line":30,"column":8},"end":{"line":30,"column":47}},"8":{"start":{"line":33,"column":8},"end":{"line":33,"column":51}},"9":{"start":{"line":36,"column":8},"end":{"line":36,"column":42}},"10":{"start":{"line":40,"column":0},"end":{"line":40,"column":105}},"11":{"start":{"line":40,"column":63},"end":{"line":40,"column":104}}},"fnMap":{"0":{"name":"(anonymous_0)","decl":{"start":{"line":21,"column":24},"end":{"line":21,"column":24}},"loc":{"start":{"line":21,"column":49},"end":{"line":23,"column":2}}},"1":{"name":"(anonymous_1)","decl":{"start":{"line":25,"column":27},"end":{"line":25,"column":27}},"loc":{"start":{"line":25,"column":57},"end":{"line":38,"column":2}}},"2":{"name":"(anonymous_2)","decl":{"start":{"line":26,"column":26},"end":{"line":null,"column":-1}},"loc":{"start":{"line":26,"column":26},"end":{"line":28,"column":5}}},"3":{"name":"(anonymous_3)","decl":{"start":{"line":29,"column":30},"end":{"line":null,"column":-1}},"loc":{"start":{"line":29,"column":30},"end":{"line":31,"column":5}}},"4":{"name":"(anonymous_4)","decl":{"start":{"line":32,"column":29},"end":{"line":32,"column":29}},"loc":{"start":{"line":32,"column":35},"end":{"line":34,"column":5}}},"5":{"name":"(anonymous_5)","decl":{"start":{"line":35,"column":29},"end":{"line":null,"column":-1}},"loc":{"start":{"line":35,"column":29},"end":{"line":37,"column":5}}},"6":{"name":"(anonymous_6)","decl":{"start":{"line":40,"column":15},"end":{"line":40,"column":15}},"loc":{"start":{"line":40,"column":58},"end":{"line":40,"column":104}}}},"branchMap":{},"s":{"0":1,"1":1,"2":1,"3":0,"4":1,"5":0,"6":0,"7":0,"8":0,"9":0,"10":1,"11":1},"f":{"0":0,"1":0,"2":0,"3":0,"4":0,"5":0,"6":1},"b":{}}
,"C:\\Users\\andreas\\code\\inittracker\\src\\layouts\\encounter\\index.tsx": {"path":"C:\\Users\\andreas\\code\\inittracker\\src\\layouts\\encounter\\index.tsx","statementMap":{"0":{"start":{"line":1,"column":0},"end":{"line":1,"column":25}},"1":{"start":{"line":2,"column":0},"end":{"line":2,"column":41}},"2":{"start":{"line":4,"column":0},"end":{"line":4,"column":58}},"3":{"start":{"line":5,"column":0},"end":{"line":5,"column":52}},"4":{"start":{"line":6,"column":0},"end":{"line":6,"column":52}},"5":{"start":{"line":8,"column":0},"end":{"line":8,"column":57}},"6":{"start":{"line":9,"column":0},"end":{"line":9,"column":29}},"7":{"start":{"line":11,"column":13},"end":{"line":31,"column":2}},"8":{"start":{"line":12,"column":3},"end":{"line":12,"column":8}},"9":{"start":{"line":12,"column":10},"end":{"line":12,"column":30}},"10":{"start":{"line":12,"column":32},"end":{"line":12,"column":55}},"11":{"start":{"line":12,"column":57},"end":{"line":12,"column":80}},"12":{"start":{"line":12,"column":82},"end":{"line":12,"column":106}},"13":{"start":{"line":12,"column":113},"end":{"line":31,"column":1}},"14":{"start":{"line":33,"column":0},"end":{"line":33,"column":40}}},"fnMap":{"0":{"name":"(anonymous_1)","decl":{"start":{"line":12,"column":0},"end":{"line":12,"column":0}},"loc":{"start":{"line":12,"column":108},"end":{"line":31,"column":1}}}},"branchMap":{},"s":{"0":1,"1":1,"2":1,"3":1,"4":1,"5":1,"6":1,"7":1,"8":0,"9":0,"10":0,"11":0,"12":0,"13":0,"14":1},"f":{"0":0},"b":{}}
,"C:\\Users\\andreas\\code\\inittracker\\src\\layouts\\encounter\\styles.ts": {"path":"C:\\Users\\andreas\\code\\inittracker\\src\\layouts\\encounter\\styles.ts","statementMap":{"0":{"start":{"line":1,"column":0},"end":{"line":1,"column":41}},"1":{"start":{"line":3,"column":0},"end":{"line":3,"column":30}},"2":{"start":{"line":5,"column":0},"end":{"line":28,"column":3}}},"fnMap":{},"branchMap":{},"s":{"0":1,"1":1,"2":1},"f":{},"b":{}}
,"C:\\Users\\andreas\\code\\inittracker\\src\\layouts\\rollInitiative\\connect.ts": {"path":"C:\\Users\\andreas\\code\\inittracker\\src\\layouts\\rollInitiative\\connect.ts","statementMap":{"0":{"start":{"line":1,"column":0},"end":{"line":1,"column":37}},"1":{"start":{"line":5,"column":0},"end":{"line":5,"column":48}},"2":{"start":{"line":6,"column":0},"end":{"line":6,"column":50}},"3":{"start":{"line":19,"column":13},"end":{"line":21,"column":3}},"4":{"start":{"line":19,"column":68},"end":{"line":21,"column":2}},"5":{"start":{"line":23,"column":13},"end":{"line":27,"column":3}},"6":{"start":{"line":23,"column":78},"end":{"line":27,"column":2}},"7":{"start":{"line":25,"column":8},"end":{"line":25,"column":51}},"8":{"start":{"line":29,"column":0},"end":{"line":29,"column":115}},"9":{"start":{"line":29,"column":73},"end":{"line":29,"column":114}}},"fnMap":{"0":{"name":"(anonymous_1)","decl":{"start":{"line":19,"column":24},"end":{"line":19,"column":24}},"loc":{"start":{"line":19,"column":49},"end":{"line":21,"column":2}}},"1":{"name":"(anonymous_2)","decl":{"start":{"line":23,"column":27},"end":{"line":23,"column":27}},"loc":{"start":{"line":23,"column":57},"end":{"line":27,"column":2}}},"2":{"name":"(anonymous_3)","decl":{"start":{"line":24,"column":23},"end":{"line":24,"column":23}},"loc":{"start":{"line":24,"column":30},"end":{"line":26,"column":5}}},"3":{"name":"(anonymous_4)","decl":{"start":{"line":29,"column":15},"end":{"line":29,"column":15}},"loc":{"start":{"line":29,"column":68},"end":{"line":29,"column":114}}}},"branchMap":{},"s":{"0":1,"1":1,"2":1,"3":1,"4":0,"5":1,"6":0,"7":0,"8":1,"9":1},"f":{"0":0,"1":0,"2":0,"3":1},"b":{}}
,"C:\\Users\\andreas\\code\\inittracker\\src\\layouts\\rollInitiative\\index.tsx": {"path":"C:\\Users\\andreas\\code\\inittracker\\src\\layouts\\rollInitiative\\index.tsx","statementMap":{"0":{"start":{"line":1,"column":0},"end":{"line":1,"column":25}},"1":{"start":{"line":2,"column":0},"end":{"line":2,"column":72}},"2":{"start":{"line":5,"column":0},"end":{"line":5,"column":31}},"3":{"start":{"line":7,"column":0},"end":{"line":7,"column":29}},"4":{"start":{"line":14,"column":0},"end":{"line":14,"column":52}},"5":{"start":{"line":14,"column":33},"end":{"line":14,"column":85}},"6":{"start":{"line":28,"column":8},"end":{"line":28,"column":20}},"7":{"start":{"line":30,"column":8},"end":{"line":33,"column":10}},"8":{"start":{"line":35,"column":8},"end":{"line":35,"column":79}},"9":{"start":{"line":15,"column":18},"end":{"line":25,"column":5}},"10":{"start":{"line":16,"column":8},"end":{"line":24,"column":9}},"11":{"start":{"line":17,"column":10},"end":{"line":21,"column":14}},"12":{"start":{"line":23,"column":12},"end":{"line":23,"column":24}},"13":{"start":{"line":38,"column":11},"end":{"line":54,"column":5}},"14":{"start":{"line":38,"column":4},"end":{"line":54,"column":4}},"15":{"start":{"line":39,"column":8},"end":{"line":53,"column":10}},"16":{"start":{"line":49,"column":35},"end":{"line":49,"column":89}},"17":{"start":{"line":56,"column":12},"end":{"line":70,"column":5}},"18":{"start":{"line":57,"column":8},"end":{"line":59,"column":9}},"19":{"start":{"line":58,"column":12},"end":{"line":58,"column":19}},"20":{"start":{"line":61,"column":35},"end":{"line":61,"column":70}},"21":{"start":{"line":62,"column":8},"end":{"line":62,"column":62}},"22":{"start":{"line":64,"column":26},"end":{"line":67,"column":9}},"23":{"start":{"line":69,"column":8},"end":{"line":69,"column":36}},"24":{"start":{"line":72,"column":12},"end":{"line":76,"column":5}},"25":{"start":{"line":73,"column":31},"end":{"line":73,"column":80}},"26":{"start":{"line":73,"column":68},"end":{"line":73,"column":79}},"27":{"start":{"line":75,"column":8},"end":{"line":75,"column":53}},"28":{"start":{"line":78,"column":12},"end":{"line":113,"column":5}},"29":{"start":{"line":78,"column":4},"end":{"line":113,"column":4}},"30":{"start":{"line":79,"column":32},"end":{"line":79,"column":58}},"31":{"start":{"line":81,"column":32},"end":{"line":93,"column":9}},"32":{"start":{"line":82,"column":33},"end":{"line":82,"column":62}},"33":{"start":{"line":84,"column":12},"end":{"line":86,"column":13}},"34":{"start":{"line":85,"column":16},"end":{"line":85,"column":23}},"35":{"start":{"line":88,"column":12},"end":{"line":90,"column":28}},"36":{"start":{"line":92,"column":12},"end":{"line":92,"column":32}},"37":{"start":{"line":95,"column":29},"end":{"line":95,"column":58}},"38":{"start":{"line":97,"column":26},"end":{"line":99,"column":16}},"39":{"start":{"line":101,"column":8},"end":{"line":112,"column":10}},"40":{"start":{"line":108,"column":44},"end":{"line":108,"column":83}},"41":{"start":{"line":114,"column":0},"end":{"line":114,"column":1}},"42":{"start":{"line":116,"column":34},"end":{"line":119,"column":13}},"43":{"start":{"line":116,"column":77},"end":{"line":119,"column":13}},"44":{"start":{"line":117,"column":4},"end":{"line":117,"column":34}},"45":{"start":{"line":118,"column":4},"end":{"line":118,"column":20}},"46":{"start":{"line":121,"column":0},"end":{"line":121,"column":43}}},"fnMap":{"0":{"name":"(anonymous_9)","decl":{"start":{"line":14,"column":0},"end":{"line":null,"column":-1}},"loc":{"start":{"line":14,"column":0},"end":{"line":14,"column":-1}}},"1":{"name":"RollInitiativePage","decl":{"start":{"line":27,"column":4},"end":{"line":27,"column":15}},"loc":{"start":{"line":27,"column":42},"end":{"line":36,"column":5}}},"2":{"name":"(anonymous_11)","decl":{"start":{"line":15,"column":4},"end":{"line":15,"column":42}},"loc":{"start":{"line":15,"column":105},"end":{"line":25,"column":5}}},"3":{"name":"(anonymous_12)","decl":{"start":{"line":38,"column":4},"end":{"line":null,"column":-1}},"loc":{"start":{"line":38,"column":4},"end":{"line":54,"column":5}}},"4":{"name":"(anonymous_13)","decl":{"start":{"line":49,"column":29},"end":{"line":49,"column":34}},"loc":{"start":{"line":49,"column":29},"end":{"line":49,"column":89}}},"5":{"name":"(anonymous_14)","decl":{"start":{"line":56,"column":4},"end":{"line":56,"column":23}},"loc":{"start":{"line":56,"column":56},"end":{"line":70,"column":5}}},"6":{"name":"(anonymous_15)","decl":{"start":{"line":72,"column":4},"end":{"line":72,"column":33}},"loc":{"start":{"line":72,"column":61},"end":{"line":76,"column":5}}},"7":{"name":"(anonymous_16)","decl":{"start":{"line":73,"column":54},"end":{"line":73,"column":54}},"loc":{"start":{"line":73,"column":63},"end":{"line":73,"column":79}}},"8":{"name":"(anonymous_17)","decl":{"start":{"line":78,"column":4},"end":{"line":78,"column":35}},"loc":{"start":{"line":78,"column":64},"end":{"line":113,"column":5}}},"9":{"name":"(anonymous_18)","decl":{"start":{"line":81,"column":32},"end":{"line":81,"column":32}},"loc":{"start":{"line":81,"column":45},"end":{"line":93,"column":9}}},"10":{"name":"(anonymous_19)","decl":{"start":{"line":108,"column":34},"end":{"line":108,"column":34}},"loc":{"start":{"line":108,"column":39},"end":{"line":108,"column":83}}},"11":{"name":"(anonymous_20)","decl":{"start":{"line":116,"column":34},"end":{"line":116,"column":34}},"loc":{"start":{"line":116,"column":51},"end":{"line":119,"column":13}}},"12":{"name":"(anonymous_21)","decl":{"start":{"line":116,"column":91},"end":{"line":116,"column":91}},"loc":{"start":{"line":116,"column":107},"end":{"line":119,"column":1}}}},"branchMap":{"0":{"loc":{"start":{"line":28,"column":8},"end":{"line":28,"column":20}},"type":"binary-expr","locations":[{"start":{"line":28,"column":8},"end":{"line":28,"column":20}},{"start":{"line":28,"column":20},"end":{"line":36,"column":4}}]},"1":{"loc":{"start":{"line":16,"column":8},"end":{"line":24,"column":9}},"type":"if","locations":[{"start":{"line":16,"column":8},"end":{"line":24,"column":9}},{"start":{"line":16,"column":8},"end":{"line":24,"column":9}}]},"2":{"loc":{"start":{"line":57,"column":8},"end":{"line":59,"column":9}},"type":"if","locations":[{"start":{"line":57,"column":8},"end":{"line":59,"column":9}},{"start":{"line":57,"column":8},"end":{"line":59,"column":9}}]},"3":{"loc":{"start":{"line":84,"column":12},"end":{"line":86,"column":13}},"type":"if","locations":[{"start":{"line":84,"column":12},"end":{"line":86,"column":13}},{"start":{"line":84,"column":12},"end":{"line":86,"column":13}}]},"4":{"loc":{"start":{"line":89,"column":18},"end":{"line":89,"column":36}},"type":"cond-expr","locations":[{"start":{"line":89,"column":18},"end":{"line":89,"column":36}},{"start":{"line":90,"column":18},"end":{"line":90,"column":27}}]},"5":{"loc":{"start":{"line":98,"column":14},"end":{"line":98,"column":52}},"type":"cond-expr","locations":[{"start":{"line":98,"column":14},"end":{"line":98,"column":52}},{"start":{"line":99,"column":14},"end":{"line":99,"column":16}}]},"6":{"loc":{"start":{"line":97,"column":26},"end":{"line":97,"column":38}},"type":"binary-expr","locations":[{"start":{"line":97,"column":26},"end":{"line":97,"column":38}},{"start":{"line":97,"column":42},"end":{"line":97,"column":69}}]}},"s":{"0":1,"1":1,"2":1,"3":1,"4":1,"5":1,"6":0,"7":0,"8":0,"9":1,"10":0,"11":0,"12":0,"13":1,"14":0,"15":0,"16":0,"17":1,"18":0,"19":0,"20":0,"21":0,"22":0,"23":0,"24":1,"25":0,"26":0,"27":0,"28":1,"29":0,"30":0,"31":0,"32":0,"33":0,"34":0,"35":0,"36":0,"37":0,"38":0,"39":0,"40":0,"41":1,"42":1,"43":0,"44":0,"45":0,"46":1},"f":{"0":1,"1":0,"2":0,"3":0,"4":0,"5":0,"6":0,"7":0,"8":0,"9":0,"10":0,"11":0,"12":0},"b":{"0":[0,0],"1":[0,0],"2":[0,0],"3":[0,0],"4":[0,0],"5":[0,0],"6":[0,0]}}
,"C:\\Users\\andreas\\code\\inittracker\\src\\layouts\\rollInitiative\\styles.ts": {"path":"C:\\Users\\andreas\\code\\inittracker\\src\\layouts\\rollInitiative\\styles.ts","statementMap":{"0":{"start":{"line":1,"column":0},"end":{"line":1,"column":41}},"1":{"start":{"line":3,"column":0},"end":{"line":3,"column":48}},"2":{"start":{"line":5,"column":0},"end":{"line":41,"column":3}}},"fnMap":{},"branchMap":{},"s":{"0":1,"1":1,"2":1},"f":{},"b":{}}
,"C:\\Users\\andreas\\code\\inittracker\\src\\logic\\idGenerator\\index.ts": {"path":"C:\\Users\\andreas\\code\\inittracker\\src\\logic\\idGenerator\\index.ts","statementMap":{"0":{"start":{"line":2,"column":0},"end":{"line":9,"column":5}},"1":{"start":{"line":3,"column":28},"end":{"line":3,"column":29}},"2":{"start":{"line":5,"column":4},"end":{"line":8,"column":6}},"3":{"start":{"line":6,"column":8},"end":{"line":6,"column":23}},"4":{"start":{"line":7,"column":8},"end":{"line":7,"column":25}}},"fnMap":{"0":{"name":"(anonymous_0)","decl":{"start":{"line":2,"column":16},"end":{"line":null,"column":-1}},"loc":{"start":{"line":2,"column":16},"end":{"line":9,"column":1}}},"1":{"name":"(anonymous_1)","decl":{"start":{"line":5,"column":11},"end":{"line":null,"column":-1}},"loc":{"start":{"line":5,"column":11},"end":{"line":8,"column":5}}}},"branchMap":{},"s":{"0":1,"1":1,"2":1,"3":0,"4":0},"f":{"0":1,"1":0},"b":{}}
,"C:\\Users\\andreas\\code\\inittracker\\src\\navigator\\connect.ts": {"path":"C:\\Users\\andreas\\code\\inittracker\\src\\navigator\\connect.ts","statementMap":{"0":{"start":{"line":1,"column":0},"end":{"line":1,"column":37}},"1":{"start":{"line":10,"column":0},"end":{"line":14,"column":1}},"2":{"start":{"line":11,"column":4},"end":{"line":11,"column":25}},"3":{"start":{"line":12,"column":4},"end":{"line":12,"column":37}},"4":{"start":{"line":13,"column":4},"end":{"line":13,"column":21}},"5":{"start":{"line":16,"column":13},"end":{"line":33,"column":2}},"6":{"start":{"line":18,"column":4},"end":{"line":22,"column":5}},"7":{"start":{"line":19,"column":8},"end":{"line":21,"column":10}},"8":{"start":{"line":24,"column":4},"end":{"line":28,"column":5}},"9":{"start":{"line":25,"column":8},"end":{"line":27,"column":10}},"10":{"start":{"line":30,"column":4},"end":{"line":32,"column":6}},"11":{"start":{"line":35,"column":0},"end":{"line":35,"column":86}},"12":{"start":{"line":35,"column":57},"end":{"line":35,"column":85}}},"fnMap":{"0":{"name":"(anonymous_0)","decl":{"start":{"line":10,"column":0},"end":{"line":10,"column":11}},"loc":{"start":{"line":10,"column":16},"end":{"line":14,"column":1}}},"1":{"name":"(anonymous_1)","decl":{"start":{"line":16,"column":24},"end":{"line":16,"column":24}},"loc":{"start":{"line":16,"column":49},"end":{"line":33,"column":1}}},"2":{"name":"(anonymous_2)","decl":{"start":{"line":35,"column":15},"end":{"line":35,"column":15}},"loc":{"start":{"line":35,"column":52},"end":{"line":35,"column":85}}}},"branchMap":{"0":{"loc":{"start":{"line":10,"column":12},"end":{"line":10,"column":16}},"type":"binary-expr","locations":[{"start":{"line":10,"column":12},"end":{"line":10,"column":16}},{"start":{"line":10,"column":12},"end":{"line":10,"column":16}}]},"1":{"loc":{"start":{"line":18,"column":4},"end":{"line":22,"column":5}},"type":"if","locations":[{"start":{"line":18,"column":4},"end":{"line":22,"column":5}},{"start":{"line":18,"column":4},"end":{"line":22,"column":5}}]},"2":{"loc":{"start":{"line":24,"column":4},"end":{"line":28,"column":5}},"type":"if","locations":[{"start":{"line":24,"column":4},"end":{"line":28,"column":5}},{"start":{"line":24,"column":4},"end":{"line":28,"column":5}}]}},"s":{"0":1,"1":1,"2":1,"3":1,"4":1,"5":1,"6":0,"7":0,"8":0,"9":0,"10":0,"11":1,"12":1},"f":{"0":1,"1":0,"2":1},"b":{"0":[1,1],"1":[0,0],"2":[0,0]}}
,"C:\\Users\\andreas\\code\\inittracker\\src\\navigator\\index.tsx": {"path":"C:\\Users\\andreas\\code\\inittracker\\src\\navigator\\index.tsx","statementMap":{"0":{"start":{"line":1,"column":0},"end":{"line":1,"column":25}},"1":{"start":{"line":3,"column":0},"end":{"line":3,"column":57}},"2":{"start":{"line":5,"column":0},"end":{"line":5,"column":48}},"3":{"start":{"line":6,"column":0},"end":{"line":6,"column":47}},"4":{"start":{"line":7,"column":0},"end":{"line":7,"column":54}},"5":{"start":{"line":9,"column":13},"end":{"line":21,"column":2}},"6":{"start":{"line":9,"column":55},"end":{"line":9,"column":66}},"7":{"start":{"line":10,"column":4},"end":{"line":20,"column":5}},"8":{"start":{"line":13,"column":12},"end":{"line":13,"column":53}},"9":{"start":{"line":16,"column":12},"end":{"line":16,"column":53}},"10":{"start":{"line":19,"column":12},"end":{"line":19,"column":49}},"11":{"start":{"line":23,"column":0},"end":{"line":23,"column":34}}},"fnMap":{"0":{"name":"(anonymous_2)","decl":{"start":{"line":9,"column":52},"end":{"line":9,"column":52}},"loc":{"start":{"line":9,"column":68},"end":{"line":21,"column":1}}}},"branchMap":{"0":{"loc":{"start":{"line":12,"column":8},"end":{"line":13,"column":53}},"type":"switch","locations":[{"start":{"line":12,"column":8},"end":{"line":13,"column":53}},{"start":{"line":15,"column":8},"end":{"line":16,"column":53}},{"start":{"line":18,"column":8},"end":{"line":19,"column":49}}]}},"s":{"0":1,"1":1,"2":1,"3":1,"4":1,"5":1,"6":0,"7":0,"8":0,"9":0,"10":0,"11":1},"f":{"0":0},"b":{"0":[0,0,0]}}
,"C:\\Users\\andreas\\code\\inittracker\\src\\reducers\\actor\\actions.ts": {"path":"C:\\Users\\andreas\\code\\inittracker\\src\\reducers\\actor\\actions.ts","statementMap":{"0":{"start":{"line":3,"column":0},"end":{"line":3,"column":56}},"1":{"start":{"line":5,"column":0},"end":{"line":10,"column":1}},"2":{"start":{"line":6,"column":4},"end":{"line":6,"column":29}},"3":{"start":{"line":7,"column":4},"end":{"line":7,"column":35}},"4":{"start":{"line":8,"column":4},"end":{"line":8,"column":45}},"5":{"start":{"line":9,"column":4},"end":{"line":9,"column":51}},"6":{"start":{"line":12,"column":0},"end":{"line":14,"column":1}},"7":{"start":{"line":13,"column":4},"end":{"line":13,"column":38}},"8":{"start":{"line":16,"column":0},"end":{"line":18,"column":1}},"9":{"start":{"line":17,"column":4},"end":{"line":17,"column":49}},"10":{"start":{"line":28,"column":0},"end":{"line":60,"column":2}},"11":{"start":{"line":29,"column":40},"end":{"line":31,"column":6}},"12":{"start":{"line":34,"column":22},"end":{"line":34,"column":42}},"13":{"start":{"line":35,"column":25},"end":{"line":35,"column":43}},"14":{"start":{"line":37,"column":8},"end":{"line":40,"column":10}},"15":{"start":{"line":43,"column":56},"end":{"line":46,"column":6}},"16":{"start":{"line":48,"column":63},"end":{"line":51,"column":6}},"17":{"start":{"line":53,"column":36},"end":{"line":55,"column":6}},"18":{"start":{"line":57,"column":41},"end":{"line":59,"column":6}}},"fnMap":{"0":{"name":"(anonymous_1)","decl":{"start":{"line":5,"column":0},"end":{"line":5,"column":11}},"loc":{"start":{"line":5,"column":28},"end":{"line":10,"column":1}}},"1":{"name":"(anonymous_2)","decl":{"start":{"line":12,"column":0},"end":{"line":12,"column":11}},"loc":{"start":{"line":12,"column":27},"end":{"line":14,"column":1}}},"2":{"name":"(anonymous_3)","decl":{"start":{"line":16,"column":0},"end":{"line":16,"column":11}},"loc":{"start":{"line":16,"column":29},"end":{"line":18,"column":1}}},"3":{"name":"(anonymous_4)","decl":{"start":{"line":29,"column":23},"end":{"line":29,"column":39}},"loc":{"start":{"line":29,"column":23},"end":{"line":31,"column":6}}},"4":{"name":"(anonymous_5)","decl":{"start":{"line":33,"column":20},"end":{"line":33,"column":20}},"loc":{"start":{"line":33,"column":34},"end":{"line":41,"column":5}}},"5":{"name":"(anonymous_6)","decl":{"start":{"line":43,"column":23},"end":{"line":43,"column":23}},"loc":{"start":{"line":43,"column":37},"end":{"line":46,"column":6}}},"6":{"name":"(anonymous_7)","decl":{"start":{"line":48,"column":22},"end":{"line":48,"column":22}},"loc":{"start":{"line":48,"column":39},"end":{"line":51,"column":6}}},"7":{"name":"(anonymous_8)","decl":{"start":{"line":53,"column":19},"end":{"line":53,"column":35}},"loc":{"start":{"line":53,"column":19},"end":{"line":55,"column":6}}},"8":{"name":"(anonymous_9)","decl":{"start":{"line":57,"column":24},"end":{"line":57,"column":40}},"loc":{"start":{"line":57,"column":24},"end":{"line":59,"column":6}}}},"branchMap":{"0":{"loc":{"start":{"line":5,"column":12},"end":{"line":5,"column":28}},"type":"binary-expr","locations":[{"start":{"line":5,"column":12},"end":{"line":5,"column":28}},{"start":{"line":5,"column":12},"end":{"line":5,"column":28}}]},"1":{"loc":{"start":{"line":12,"column":12},"end":{"line":12,"column":27}},"type":"binary-expr","locations":[{"start":{"line":12,"column":12},"end":{"line":12,"column":27}},{"start":{"line":12,"column":12},"end":{"line":12,"column":27}}]},"2":{"loc":{"start":{"line":16,"column":12},"end":{"line":16,"column":29}},"type":"binary-expr","locations":[{"start":{"line":16,"column":12},"end":{"line":16,"column":29}},{"start":{"line":16,"column":12},"end":{"line":16,"column":29}}]}},"s":{"0":1,"1":1,"2":1,"3":1,"4":1,"5":1,"6":1,"7":1,"8":1,"9":1,"10":1,"11":0,"12":0,"13":0,"14":0,"15":0,"16":0,"17":0,"18":0},"f":{"0":1,"1":1,"2":1,"3":0,"4":0,"5":0,"6":0,"7":0,"8":0},"b":{"0":[1,1],"1":[1,1],"2":[1,1]}}
,"C:\\Users\\andreas\\code\\inittracker\\src\\reducers\\actor\\helpers.ts": {"path":"C:\\Users\\andreas\\code\\inittracker\\src\\reducers\\actor\\helpers.ts","statementMap":{"0":{"start":{"line":2,"column":13},"end":{"line":31,"column":2}},"1":{"start":{"line":3,"column":4},"end":{"line":5,"column":5}},"2":{"start":{"line":4,"column":8},"end":{"line":4,"column":22}},"3":{"start":{"line":7,"column":25},"end":{"line":7,"column":52}},"4":{"start":{"line":9,"column":33},"end":{"line":9,"column":78}},"5":{"start":{"line":9,"column":58},"end":{"line":9,"column":77}},"6":{"start":{"line":11,"column":4},"end":{"line":14,"column":5}},"7":{"start":{"line":12,"column":8},"end":{"line":12,"column":45}},"8":{"start":{"line":13,"column":8},"end":{"line":13,"column":28}},"9":{"start":{"line":16,"column":4},"end":{"line":28,"column":5}},"10":{"start":{"line":17,"column":8},"end":{"line":21,"column":9}},"11":{"start":{"line":18,"column":12},"end":{"line":18,"column":50}},"12":{"start":{"line":19,"column":12},"end":{"line":19,"column":49}},"13":{"start":{"line":20,"column":12},"end":{"line":20,"column":18}},"14":{"start":{"line":23,"column":8},"end":{"line":27,"column":9}},"15":{"start":{"line":24,"column":12},"end":{"line":24,"column":50}},"16":{"start":{"line":25,"column":12},"end":{"line":25,"column":53}},"17":{"start":{"line":26,"column":12},"end":{"line":26,"column":18}},"18":{"start":{"line":30,"column":4},"end":{"line":30,"column":24}},"19":{"start":{"line":33,"column":13},"end":{"line":39,"column":2}},"20":{"start":{"line":34,"column":24},"end":{"line":34,"column":67}},"21":{"start":{"line":34,"column":48},"end":{"line":34,"column":66}},"22":{"start":{"line":36,"column":4},"end":{"line":38,"column":67}},"23":{"start":{"line":37,"column":54},"end":{"line":37,"column":85}},"24":{"start":{"line":38,"column":34},"end":{"line":38,"column":65}}},"fnMap":{"0":{"name":"(anonymous_0)","decl":{"start":{"line":2,"column":34},"end":{"line":2,"column":34}},"loc":{"start":{"line":2,"column":51},"end":{"line":31,"column":1}}},"1":{"name":"(anonymous_1)","decl":{"start":{"line":9,"column":47},"end":{"line":9,"column":47}},"loc":{"start":{"line":9,"column":53},"end":{"line":9,"column":77}}},"2":{"name":"(anonymous_2)","decl":{"start":{"line":33,"column":35},"end":{"line":33,"column":35}},"loc":{"start":{"line":33,"column":75},"end":{"line":39,"column":1}}},"3":{"name":"(anonymous_3)","decl":{"start":{"line":34,"column":38},"end":{"line":34,"column":38}},"loc":{"start":{"line":34,"column":43},"end":{"line":34,"column":66}}},"4":{"name":"(anonymous_4)","decl":{"start":{"line":37,"column":44},"end":{"line":37,"column":44}},"loc":{"start":{"line":37,"column":49},"end":{"line":37,"column":85}}},"5":{"name":"(anonymous_5)","decl":{"start":{"line":38,"column":24},"end":{"line":38,"column":24}},"loc":{"start":{"line":38,"column":29},"end":{"line":38,"column":65}}}},"branchMap":{"0":{"loc":{"start":{"line":3,"column":4},"end":{"line":5,"column":5}},"type":"if","locations":[{"start":{"line":3,"column":4},"end":{"line":5,"column":5}},{"start":{"line":3,"column":4},"end":{"line":5,"column":5}}]},"1":{"loc":{"start":{"line":11,"column":4},"end":{"line":14,"column":5}},"type":"if","locations":[{"start":{"line":11,"column":4},"end":{"line":14,"column":5}},{"start":{"line":11,"column":4},"end":{"line":14,"column":5}}]},"2":{"loc":{"start":{"line":17,"column":8},"end":{"line":21,"column":9}},"type":"if","locations":[{"start":{"line":17,"column":8},"end":{"line":21,"column":9}},{"start":{"line":17,"column":8},"end":{"line":21,"column":9}}]},"3":{"loc":{"start":{"line":23,"column":8},"end":{"line":27,"column":9}},"type":"if","locations":[{"start":{"line":23,"column":8},"end":{"line":27,"column":9}},{"start":{"line":23,"column":8},"end":{"line":27,"column":9}}]},"4":{"loc":{"start":{"line":37,"column":10},"end":{"line":37,"column":86}},"type":"cond-expr","locations":[{"start":{"line":37,"column":10},"end":{"line":37,"column":86}},{"start":{"line":38,"column":10},"end":{"line":38,"column":66}}]},"5":{"loc":{"start":{"line":36,"column":33},"end":{"line":36,"column":44}},"type":"binary-expr","locations":[{"start":{"line":36,"column":33},"end":{"line":36,"column":44}},{"start":{"line":36,"column":48},"end":{"line":36,"column":62}},{"start":{"line":36,"column":66},"end":{"line":36,"column":83}}]}},"s":{"0":1,"1":0,"2":0,"3":0,"4":0,"5":0,"6":0,"7":0,"8":0,"9":0,"10":0,"11":0,"12":0,"13":0,"14":0,"15":0,"16":0,"17":0,"18":0,"19":1,"20":0,"21":0,"22":0,"23":0,"24":0},"f":{"0":0,"1":0,"2":0,"3":0,"4":0,"5":0},"b":{"0":[0,0],"1":[0,0],"2":[0,0],"3":[0,0],"4":[0,0],"5":[0,0,0]}}
,"C:\\Users\\andreas\\code\\inittracker\\src\\reducers\\actor\\index.ts": {"path":"C:\\Users\\andreas\\code\\inittracker\\src\\reducers\\actor\\index.ts","statementMap":{"0":{"start":{"line":4,"column":0},"end":{"line":4,"column":94}},"1":{"start":{"line":5,"column":0},"end":{"line":5,"column":67}},"2":{"start":{"line":6,"column":0},"end":{"line":6,"column":34}},"3":{"start":{"line":9,"column":38},"end":{"line":60,"column":1}},"4":{"start":{"line":9,"column":39},"end":{"line":9,"column":59}},"5":{"start":{"line":9,"column":61},"end":{"line":9,"column":82}},"6":{"start":{"line":10,"column":4},"end":{"line":59,"column":5}},"7":{"start":{"line":13,"column":12},"end":{"line":20,"column":14}},"8":{"start":{"line":23,"column":12},"end":{"line":28,"column":14}},"9":{"start":{"line":31,"column":12},"end":{"line":35,"column":14}},"10":{"start":{"line":38,"column":12},"end":{"line":43,"column":14}},"11":{"start":{"line":46,"column":12},"end":{"line":49,"column":14}},"12":{"start":{"line":52,"column":12},"end":{"line":55,"column":14}},"13":{"start":{"line":58,"column":12},"end":{"line":58,"column":25}},"14":{"start":{"line":62,"column":0},"end":{"line":62,"column":60}},"15":{"start":{"line":62,"column":9},"end":{"line":62,"column":27}},"16":{"start":{"line":63,"column":0},"end":{"line":63,"column":50}},"17":{"start":{"line":63,"column":9},"end":{"line":63,"column":29}},"18":{"start":{"line":65,"column":0},"end":{"line":65,"column":23}}},"fnMap":{"0":{"name":"(anonymous_3)","decl":{"start":{"line":9,"column":38},"end":{"line":9,"column":38}},"loc":{"start":{"line":9,"column":82},"end":{"line":60,"column":1}}}},"branchMap":{"0":{"loc":{"start":{"line":9,"column":39},"end":{"line":9,"column":59}},"type":"if","locations":[{"start":{"line":9,"column":39},"end":{"line":9,"column":59}},{"start":{"line":9,"column":39},"end":{"line":9,"column":59}}]},"1":{"loc":{"start":{"line":9,"column":61},"end":{"line":9,"column":82}},"type":"if","locations":[{"start":{"line":9,"column":61},"end":{"line":9,"column":82}},{"start":{"line":9,"column":61},"end":{"line":9,"column":82}}]},"2":{"loc":{"start":{"line":12,"column":8},"end":{"line":20,"column":14}},"type":"switch","locations":[{"start":{"line":12,"column":8},"end":{"line":20,"column":14}},{"start":{"line":22,"column":8},"end":{"line":28,"column":14}},{"start":{"line":30,"column":8},"end":{"line":35,"column":14}},{"start":{"line":37,"column":8},"end":{"line":43,"column":14}},{"start":{"line":45,"column":8},"end":{"line":49,"column":14}},{"start":{"line":51,"column":8},"end":{"line":55,"column":14}},{"start":{"line":57,"column":8},"end":{"line":58,"column":25}}]},"3":{"loc":{"start":{"line":33,"column":24},"end":{"line":33,"column":37}},"type":"binary-expr","locations":[{"start":{"line":33,"column":24},"end":{"line":33,"column":37}},{"start":{"line":33,"column":41},"end":{"line":33,"column":43}}]}},"s":{"0":1,"1":1,"2":1,"3":1,"4":5,"5":3,"6":3,"7":0,"8":0,"9":0,"10":0,"11":0,"12":0,"13":3,"14":1,"15":1,"16":1,"17":1,"18":1},"f":{"0":3},"b":{"0":[2,1],"1":[0,3],"2":[0,0,0,0,0,0,3],"3":[0,0]}}
,"C:\\Users\\andreas\\code\\inittracker\\src\\reducers\\actor\\selectors.ts": {"path":"C:\\Users\\andreas\\code\\inittracker\\src\\reducers\\actor\\selectors.ts","statementMap":{"0":{"start":{"line":4,"column":0},"end":{"line":8,"column":2}},"1":{"start":{"line":5,"column":61},"end":{"line":5,"column":79}},"2":{"start":{"line":6,"column":64},"end":{"line":6,"column":89}},"3":{"start":{"line":7,"column":70},"end":{"line":7,"column":101}}},"fnMap":{"0":{"name":"(anonymous_0)","decl":{"start":{"line":5,"column":21},"end":{"line":5,"column":21}},"loc":{"start":{"line":5,"column":46},"end":{"line":5,"column":79}}},"1":{"name":"(anonymous_1)","decl":{"start":{"line":6,"column":25},"end":{"line":6,"column":25}},"loc":{"start":{"line":6,"column":50},"end":{"line":6,"column":89}}},"2":{"name":"(anonymous_2)","decl":{"start":{"line":7,"column":31},"end":{"line":7,"column":31}},"loc":{"start":{"line":7,"column":56},"end":{"line":7,"column":101}}}},"branchMap":{},"s":{"0":1,"1":0,"2":0,"3":0},"f":{"0":0,"1":0,"2":0},"b":{}}
,"C:\\Users\\andreas\\code\\inittracker\\src\\reducers\\actor\\state.ts": {"path":"C:\\Users\\andreas\\code\\inittracker\\src\\reducers\\actor\\state.ts","statementMap":{"0":{"start":{"line":9,"column":34},"end":{"line":13,"column":1}},"1":{"start":{"line":15,"column":0},"end":{"line":15,"column":28}}},"fnMap":{},"branchMap":{},"s":{"0":1,"1":1},"f":{},"b":{}}
,"C:\\Users\\andreas\\code\\inittracker\\src\\store\\index.ts": {"path":"C:\\Users\\andreas\\code\\inittracker\\src\\store\\index.ts","statementMap":{"0":{"start":{"line":1,"column":0},"end":{"line":1,"column":59}},"1":{"start":{"line":3,"column":0},"end":{"line":3,"column":44}},"2":{"start":{"line":4,"column":0},"end":{"line":4,"column":57}},"3":{"start":{"line":9,"column":13},"end":{"line":11,"column":3}},"4":{"start":{"line":14,"column":18},"end":{"line":14,"column":84}},"5":{"start":{"line":16,"column":4},"end":{"line":16,"column":17}},"6":{"start":{"line":13,"column":0},"end":{"line":17,"column":3}}},"fnMap":{"0":{"name":"configureStore","decl":{"start":{"line":13,"column":16},"end":{"line":13,"column":30}},"loc":{"start":{"line":13,"column":30},"end":{"line":17,"column":3}}}},"branchMap":{},"s":{"0":1,"1":1,"2":1,"3":1,"4":1,"5":1,"6":1},"f":{"0":1},"b":{}}
,"C:\\Users\\andreas\\code\\inittracker\\src\\store\\state.ts": {"path":"C:\\Users\\andreas\\code\\inittracker\\src\\store\\state.ts","statementMap":{"0":{"start":{"line":7,"column":13},"end":{"line":13,"column":2}}},"fnMap":{},"branchMap":{},"s":{"0":1},"f":{},"b":{}}
,"C:\\Users\\andreas\\code\\inittracker\\src\\styles\\components.ts": {"path":"C:\\Users\\andreas\\code\\inittracker\\src\\styles\\components.ts","statementMap":{"0":{"start":{"line":3,"column":13},"end":{"line":8,"column":2}},"1":{"start":{"line":18,"column":0},"end":{"line":58,"column":17}}},"fnMap":{},"branchMap":{},"s":{"0":1,"1":1},"f":{},"b":{}}
,"C:\\Users\\andreas\\code\\inittracker\\src\\styles\\fonts.ts": {"path":"C:\\Users\\andreas\\code\\inittracker\\src\\styles\\fonts.ts","statementMap":{"0":{"start":{"line":1,"column":0},"end":{"line":5,"column":2}}},"fnMap":{},"branchMap":{},"s":{"0":3},"f":{},"b":{}}
}
